plugins/plugin-native-mobile-signals/android/build/intermediates/manifest_merge_blame_file/debug/processDebugManifest/manifest-merger-blame-debug-report.txt
1<?xml version="1.0" encoding="utf-8"?>
2<manifest xmlns:android="http://schemas.android.com/apk/res/android"
3    xmlns:tools="http://schemas.android.com/tools"
4    package="ai.eliza.plugins.mobilesignals" >
5
6    <uses-sdk android:minSdkVersion="26" />
6-->INJECTED
6-->INJECTED
7
8    <uses-permission
8-->src/main/AndroidManifest.xml:5:5-7:47
9        android:name="android.permission.PACKAGE_USAGE_STATS"
9-->src/main/AndroidManifest.xml:6:9-62
10        tools:ignore="ProtectedPermissions" />
10-->src/main/AndroidManifest.xml:7:9-44
11    <uses-permission android:name="android.permission.POST_NOTIFICATIONS" />
11-->src/main/AndroidManifest.xml:8:5-77
11-->src/main/AndroidManifest.xml:8:22-74
12
13</manifest>